# JRE version: Java(TM) SE Runtime Environment (20.0.1+9) (build 20.0.1+9-29)
# Java VM: Java HotSpot(TM) 64-Bit Server VM (20.0.1+9-29, mixed mode, sharing, tiered, compressed oops, compressed class ptrs, g1 gc, windows-amd64)
GC Precious Log:
 CardTable entry size: 512
 Card Set container configuration: InlinePtr #cards 4 size 8 Array Of Cards #cards 16 size 48 Howl #buckets 8 coarsen threshold 3686 Howl Bitmap #cards 512 size 80 coarsen threshold 460 Card regions per heap region 1 cards per card region 4096
 CPUs: 12 total, 12 available
 Memory: 16052M
 Large Page Support: Disabled
 NUMA Support: Disabled
 Compressed Oops: Enabled (Zero based)
 Heap Region Size: 2M
 Heap Min Capacity: 8M
 Heap Initial Capacity: 252M
 Heap Max Capacity: 4014M
 Pre-touch: Disabled
 Parallel Workers: 10
 Concurrent Workers: 3
 Concurrent Refinement Workers: 10
 Periodic GC: Disabled
Heap:
 garbage-first heap   total 61440K, used 32709K [0x0000000705200000, 0x0000000800000000)
  region size 2048K, 3 young (6144K), 2 survivors (4096K)
 Metaspace       used 39027K, committed 39808K, reserved 1114112K
  class space    used 4749K, committed 5120K, reserved 1048576K
GC Heap History (20 events):
Event: 1637.620 GC heap before
{Heap before GC invocations=16 (full 4):
 garbage-first heap   total 61440K, used 51088K [0x0000000705200000, 0x0000000800000000)
  region size 2048K, 14 young (28672K), 0 survivors (0K)
 Metaspace       used 38512K, committed 39296K, reserved 1114112K
  class space    used 4728K, committed 5056K, reserved 1048576K
}
Event: 1637.621 GC heap after
{Heap after GC invocations=17 (full 4):
 garbage-first heap   total 61440K, used 25324K [0x0000000705200000, 0x0000000800000000)
  region size 2048K, 2 young (4096K), 2 survivors (4096K)
 Metaspace       used 38512K, committed 39296K, reserved 1114112K
  class space    used 4728K, committed 5056K, reserved 1048576K
}
Event: 1675.823 GC heap before
{Heap before GC invocations=17 (full 4):
 garbage-first heap   total 61440K, used 41708K [0x0000000705200000, 0x0000000800000000)
  region size 2048K, 11 young (22528K), 2 survivors (4096K)
 Metaspace       used 38584K, committed 39296K, reserved 1114112K
  class space    used 4730K, committed 5056K, reserved 1048576K
}
Event: 1675.857 GC heap after
{Heap after GC invocations=18 (full 5):
 garbage-first heap   total 61440K, used 24386K [0x0000000705200000, 0x0000000800000000)
  region size 2048K, 0 young (0K), 0 survivors (0K)
 Metaspace       used 38584K, committed 39296K, reserved 1114112K
  class space    used 4730K, committed 5056K, reserved 1048576K
}
Event: 1676.023 GC heap before
{Heap before GC invocations=18 (full 5):
 garbage-first heap   total 61440K, used 51010K [0x0000000705200000, 0x0000000800000000)
  region size 2048K, 13 young (26624K), 0 survivors (0K)
 Metaspace       used 38647K, committed 39424K, reserved 1114112K
  class space    used 4734K, committed 5120K, reserved 1048576K
}
Event: 1676.025 GC heap after
{Heap after GC invocations=19 (full 5):
 garbage-first heap   total 61440K, used 26962K [0x0000000705200000, 0x0000000800000000)
  region size 2048K, 2 young (4096K), 2 survivors (4096K)
 Metaspace       used 38647K, committed 39424K, reserved 1114112K
  class space    used 4734K, committed 5120K, reserved 1048576K
}
Event: 1873.537 GC heap before
{Heap before GC invocations=19 (full 5):
 garbage-first heap   total 61440K, used 49490K [0x0000000705200000, 0x0000000800000000)
  region size 2048K, 13 young (26624K), 2 survivors (4096K)
 Metaspace       used 38719K, committed 39552K, reserved 1114112K
  class space    used 4735K, committed 5120K, reserved 1048576K
}
Event: 1873.544 GC heap after
{Heap after GC invocations=20 (full 5):
 garbage-first heap   total 61440K, used 27459K [0x0000000705200000, 0x0000000800000000)
  region size 2048K, 1 young (2048K), 1 survivors (2048K)
 Metaspace       used 38719K, committed 39552K, reserved 1114112K
  class space    used 4735K, committed 5120K, reserved 1048576K
}
Event: 1940.867 GC heap before
{Heap before GC invocations=20 (full 5):
 garbage-first heap   total 61440K, used 29507K [0x0000000705200000, 0x0000000800000000)
  region size 2048K, 3 young (6144K), 1 survivors (2048K)
 Metaspace       used 38747K, committed 39552K, reserved 1114112K
  class space    used 4735K, committed 5120K, reserved 1048576K
}
Event: 1940.908 GC heap after
{Heap after GC invocations=21 (full 6):
 garbage-first heap   total 61440K, used 26346K [0x0000000705200000, 0x0000000800000000)
  region size 2048K, 0 young (0K), 0 survivors (0K)
 Metaspace       used 38747K, committed 39552K, reserved 1114112K
  class space    used 4735K, committed 5120K, reserved 1048576K
}
Event: 1941.120 GC heap before
{Heap before GC invocations=21 (full 6):
 garbage-first heap   total 61440K, used 50922K [0x0000000705200000, 0x0000000800000000)
  region size 2048K, 12 young (24576K), 0 survivors (0K)
 Metaspace       used 38798K, committed 39552K, reserved 1114112K
  class space    used 4738K, committed 5120K, reserved 1048576K
}
Event: 1941.122 GC heap after
{Heap after GC invocations=22 (full 6):
 garbage-first heap   total 61440K, used 28780K [0x0000000705200000, 0x0000000800000000)
  region size 2048K, 2 young (4096K), 2 survivors (4096K)
 Metaspace       used 38798K, committed 39552K, reserved 1114112K
  class space    used 4738K, committed 5120K, reserved 1048576K
}
Event: 1968.324 GC heap before
{Heap before GC invocations=23 (full 6):
 garbage-first heap   total 61440K, used 47212K [0x0000000705200000, 0x0000000800000000)
  region size 2048K, 12 young (24576K), 2 survivors (4096K)
 Metaspace       used 38879K, committed 39744K, reserved 1114112K
  class space    used 4740K, committed 5120K, reserved 1048576K
}
Event: 1968.365 GC heap after
{Heap after GC invocations=24 (full 7):
 garbage-first heap   total 61440K, used 28311K [0x0000000705200000, 0x0000000800000000)
  region size 2048K, 0 young (0K), 0 survivors (0K)
 Metaspace       used 38879K, committed 39744K, reserved 1114112K
  class space    used 4740K, committed 5120K, reserved 1048576K
}
Event: 1968.521 GC heap before
{Heap before GC invocations=24 (full 7):
 garbage-first heap   total 61440K, used 52887K [0x0000000705200000, 0x0000000800000000)
  region size 2048K, 12 young (24576K), 0 survivors (0K)
 Metaspace       used 38919K, committed 39744K, reserved 1114112K
  class space    used 4743K, committed 5120K, reserved 1048576K
}
Event: 1968.523 GC heap after
{Heap after GC invocations=25 (full 7):
 garbage-first heap   total 61440K, used 30727K [0x0000000705200000, 0x0000000800000000)
  region size 2048K, 2 young (4096K), 2 survivors (4096K)
 Metaspace       used 38919K, committed 39744K, reserved 1114112K
  class space    used 4743K, committed 5120K, reserved 1048576K
}
Event: 1968.710 GC heap before
{Heap before GC invocations=26 (full 7):
 garbage-first heap   total 61440K, used 49159K [0x0000000705200000, 0x0000000800000000)
  region size 2048K, 11 young (22528K), 2 survivors (4096K)
 Metaspace       used 38982K, committed 39808K, reserved 1114112K
  class space    used 4746K, committed 5120K, reserved 1048576K
}
Event: 1968.712 GC heap after
{Heap after GC invocations=27 (full 7):
 garbage-first heap   total 61440K, used 32125K [0x0000000705200000, 0x0000000800000000)
  region size 2048K, 1 young (2048K), 1 survivors (2048K)
 Metaspace       used 38982K, committed 39808K, reserved 1114112K
  class space    used 4746K, committed 5120K, reserved 1048576K
}
Event: 1993.676 GC heap before
{Heap before GC invocations=27 (full 7):
 garbage-first heap   total 61440K, used 34173K [0x0000000705200000, 0x0000000800000000)
  region size 2048K, 3 young (6144K), 1 survivors (2048K)
 Metaspace       used 38990K, committed 39808K, reserved 1114112K
  class space    used 4746K, committed 5120K, reserved 1048576K
}
Event: 1993.716 GC heap after
{Heap after GC invocations=28 (full 8):
 garbage-first heap   total 61440K, used 30279K [0x0000000705200000, 0x0000000800000000)
  region size 2048K, 0 young (0K), 0 survivors (0K)
 Metaspace       used 38990K, committed 39808K, reserved 1114112K
  class space    used 4746K, committed 5120K, reserved 1048576K
}

