# JRE version: Java(TM) SE Runtime Environment (20.0.1+9) (build 20.0.1+9-29)
# Java VM: Java HotSpot(TM) 64-Bit Server VM (20.0.1+9-29, mixed mode, sharing, tiered, compressed oops, compressed class ptrs, g1 gc, windows-amd64)
GC Precious Log:
 CardTable entry size: 512
 Card Set container configuration: InlinePtr #cards 4 size 8 Array Of Cards #cards 16 size 48 Howl #buckets 8 coarsen threshold 3686 Howl Bitmap #cards 512 size 80 coarsen threshold 460 Card regions per heap region 1 cards per card region 4096
 CPUs: 12 total, 12 available
 Memory: 16052M
 Large Page Support: Disabled
 NUMA Support: Disabled
 Compressed Oops: Enabled (Zero based)
 Heap Region Size: 2M
 Heap Min Capacity: 8M
 Heap Initial Capacity: 252M
 Heap Max Capacity: 4014M
 Pre-touch: Disabled
 Parallel Workers: 10
 Concurrent Workers: 3
 Concurrent Refinement Workers: 10
 Periodic GC: Disabled
Heap:
 garbage-first heap   total 81920K, used 43191K [0x0000000705200000, 0x0000000800000000)
  region size 2048K, 3 young (6144K), 2 survivors (4096K)
 Metaspace       used 39871K, committed 40768K, reserved 1114112K
  class space    used 4778K, committed 5184K, reserved 1048576K
GC Heap History (20 events):
Event: 1331.749 GC heap before
{Heap before GC invocations=33 (full 9):
 garbage-first heap   total 71680K, used 50840K [0x0000000705200000, 0x0000000800000000)
  region size 2048K, 10 young (20480K), 2 survivors (4096K)
 Metaspace       used 39401K, committed 40256K, reserved 1114112K
  class space    used 4750K, committed 5120K, reserved 1048576K
}
Event: 1331.752 GC heap after
{Heap after GC invocations=34 (full 9):
 garbage-first heap   total 71680K, used 36013K [0x0000000705200000, 0x0000000800000000)
  region size 2048K, 1 young (2048K), 1 survivors (2048K)
 Metaspace       used 39401K, committed 40256K, reserved 1114112K
  class space    used 4750K, committed 5120K, reserved 1048576K
}
Event: 1854.463 GC heap before
{Heap before GC invocations=34 (full 9):
 garbage-first heap   total 71680K, used 52397K [0x0000000705200000, 0x0000000800000000)
  region size 2048K, 10 young (20480K), 1 survivors (2048K)
 Metaspace       used 39427K, committed 40256K, reserved 1114112K
  class space    used 4750K, committed 5120K, reserved 1048576K
}
Event: 1854.522 GC heap after
{Heap after GC invocations=35 (full 10):
 garbage-first heap   total 71680K, used 33954K [0x0000000705200000, 0x0000000800000000)
  region size 2048K, 0 young (0K), 0 survivors (0K)
 Metaspace       used 39427K, committed 40256K, reserved 1114112K
  class space    used 4750K, committed 5120K, reserved 1048576K
}
Event: 1854.706 GC heap before
{Heap before GC invocations=35 (full 10):
 garbage-first heap   total 71680K, used 60578K [0x0000000705200000, 0x0000000800000000)
  region size 2048K, 13 young (26624K), 0 survivors (0K)
 Metaspace       used 39483K, committed 40320K, reserved 1114112K
  class space    used 4754K, committed 5120K, reserved 1048576K
}
Event: 1854.709 GC heap after
{Heap after GC invocations=36 (full 10):
 garbage-first heap   total 71680K, used 36466K [0x0000000705200000, 0x0000000800000000)
  region size 2048K, 2 young (4096K), 2 survivors (4096K)
 Metaspace       used 39483K, committed 40320K, reserved 1114112K
  class space    used 4754K, committed 5120K, reserved 1048576K
}
Event: 1883.776 GC heap before
{Heap before GC invocations=37 (full 10):
 garbage-first heap   total 75776K, used 54898K [0x0000000705200000, 0x0000000800000000)
  region size 2048K, 12 young (24576K), 2 survivors (4096K)
 Metaspace       used 39524K, committed 40384K, reserved 1114112K
  class space    used 4755K, committed 5120K, reserved 1048576K
}
Event: 1883.823 GC heap after
{Heap after GC invocations=38 (full 11):
 garbage-first heap   total 75776K, used 35920K [0x0000000705200000, 0x0000000800000000)
  region size 2048K, 0 young (0K), 0 survivors (0K)
 Metaspace       used 39524K, committed 40384K, reserved 1114112K
  class space    used 4755K, committed 5120K, reserved 1048576K
}
Event: 1884.003 GC heap before
{Heap before GC invocations=38 (full 11):
 garbage-first heap   total 75776K, used 64592K [0x0000000705200000, 0x0000000800000000)
  region size 2048K, 15 young (30720K), 0 survivors (0K)
 Metaspace       used 39582K, committed 40384K, reserved 1114112K
  class space    used 4759K, committed 5120K, reserved 1048576K
}
Event: 1884.006 GC heap after
{Heap after GC invocations=39 (full 11):
 garbage-first heap   total 75776K, used 39029K [0x0000000705200000, 0x0000000800000000)
  region size 2048K, 2 young (4096K), 2 survivors (4096K)
 Metaspace       used 39582K, committed 40384K, reserved 1114112K
  class space    used 4759K, committed 5120K, reserved 1048576K
}
Event: 1950.815 GC heap before
{Heap before GC invocations=40 (full 11):
 garbage-first heap   total 75776K, used 53365K [0x0000000705200000, 0x0000000800000000)
  region size 2048K, 10 young (20480K), 2 survivors (4096K)
 Metaspace       used 39608K, committed 40448K, reserved 1114112K
  class space    used 4760K, committed 5120K, reserved 1048576K
}
Event: 1950.880 GC heap after
{Heap after GC invocations=41 (full 12):
 garbage-first heap   total 75776K, used 37871K [0x0000000705200000, 0x0000000800000000)
  region size 2048K, 0 young (0K), 0 survivors (0K)
 Metaspace       used 39608K, committed 40448K, reserved 1114112K
  class space    used 4760K, committed 5120K, reserved 1048576K
}
Event: 1951.033 GC heap before
{Heap before GC invocations=41 (full 12):
 garbage-first heap   total 75776K, used 64495K [0x0000000705200000, 0x0000000800000000)
  region size 2048K, 13 young (26624K), 0 survivors (0K)
 Metaspace       used 39655K, committed 40448K, reserved 1114112K
  class space    used 4764K, committed 5120K, reserved 1048576K
}
Event: 1951.035 GC heap after
{Heap after GC invocations=42 (full 12):
 garbage-first heap   total 75776K, used 40545K [0x0000000705200000, 0x0000000800000000)
  region size 2048K, 2 young (4096K), 2 survivors (4096K)
 Metaspace       used 39655K, committed 40448K, reserved 1114112K
  class space    used 4764K, committed 5120K, reserved 1048576K
}
Event: 2131.237 GC heap before
{Heap before GC invocations=43 (full 12):
 garbage-first heap   total 81920K, used 63073K [0x0000000705200000, 0x0000000800000000)
  region size 2048K, 13 young (26624K), 2 survivors (4096K)
 Metaspace       used 39708K, committed 40576K, reserved 1114112K
  class space    used 4765K, committed 5120K, reserved 1048576K
}
Event: 2131.243 GC heap after
{Heap after GC invocations=44 (full 12):
 garbage-first heap   total 81920K, used 41147K [0x0000000705200000, 0x0000000800000000)
  region size 2048K, 1 young (2048K), 1 survivors (2048K)
 Metaspace       used 39708K, committed 40576K, reserved 1114112K
  class space    used 4765K, committed 5120K, reserved 1048576K
}
Event: 2600.580 GC heap before
{Heap before GC invocations=44 (full 12):
 garbage-first heap   total 81920K, used 55483K [0x0000000705200000, 0x0000000800000000)
  region size 2048K, 9 young (18432K), 1 survivors (2048K)
 Metaspace       used 39832K, committed 40704K, reserved 1114112K
  class space    used 4774K, committed 5184K, reserved 1048576K
}
Event: 2600.733 GC heap after
{Heap after GC invocations=45 (full 13):
 garbage-first heap   total 81920K, used 40674K [0x0000000705200000, 0x0000000800000000)
  region size 2048K, 0 young (0K), 0 survivors (0K)
 Metaspace       used 39832K, committed 40704K, reserved 1114112K
  class space    used 4774K, committed 5184K, reserved 1048576K
}
Event: 2601.875 GC heap before
{Heap before GC invocations=45 (full 13):
 garbage-first heap   total 81920K, used 67298K [0x0000000705200000, 0x0000000800000000)
  region size 2048K, 13 young (26624K), 0 survivors (0K)
 Metaspace       used 39871K, committed 40768K, reserved 1114112K
  class space    used 4778K, committed 5184K, reserved 1048576K
}
Event: 2601.879 GC heap after
{Heap after GC invocations=46 (full 13):
 garbage-first heap   total 81920K, used 43191K [0x0000000705200000, 0x0000000800000000)
  region size 2048K, 2 young (4096K), 2 survivors (4096K)
 Metaspace       used 39871K, committed 40768K, reserved 1114112K
  class space    used 4778K, committed 5184K, reserved 1048576K
}

